running develop
running egg_info
creating mastermind.egg-info
writing mastermind.egg-info/PKG-INFO
writing dependency_links to mastermind.egg-info/dependency_links.txt
writing requirements to mastermind.egg-info/requires.txt
writing top-level names to mastermind.egg-info/top_level.txt
writing manifest file 'mastermind.egg-info/SOURCES.txt'
reading manifest file 'mastermind.egg-info/SOURCES.txt'
writing manifest file 'mastermind.egg-info/SOURCES.txt'
running build_ext
Creating /root/workspaces/mastermind_ws/install/mastermind/lib/python3.12/site-packages/mastermind.egg-link (link to .)

Installed /root/workspaces/mastermind_ws/build/mastermind
running symlink_data
creating /root/workspaces/mastermind_ws/install/mastermind/share/ament_index
creating /root/workspaces/mastermind_ws/install/mastermind/share/ament_index/resource_index
creating /root/workspaces/mastermind_ws/install/mastermind/share/ament_index/resource_index/packages
symbolically linking /root/workspaces/mastermind_ws/build/mastermind/resource/mastermind -> /root/workspaces/mastermind_ws/install/mastermind/share/ament_index/resource_index/packages
symbolically linking /root/workspaces/mastermind_ws/build/mastermind/package.xml -> /root/workspaces/mastermind_ws/install/mastermind/share/mastermind
creating /root/workspaces/mastermind_ws/install/mastermind/share/mastermind/launch
symbolically linking /root/workspaces/mastermind_ws/build/mastermind/launch/world.launch.py -> /root/workspaces/mastermind_ws/install/mastermind/share/mastermind/launch
creating /root/workspaces/mastermind_ws/install/mastermind/share/mastermind/world
symbolically linking /root/workspaces/mastermind_ws/build/mastermind/world/mastermind.sdf -> /root/workspaces/mastermind_ws/install/mastermind/share/mastermind/world
creating /root/workspaces/mastermind_ws/install/mastermind/share/mastermind/models
creating /root/workspaces/mastermind_ws/install/mastermind/share/mastermind/models/realsense_d435
symbolically linking /root/workspaces/mastermind_ws/build/mastermind/models/realsense_d435/model.sdf -> /root/workspaces/mastermind_ws/install/mastermind/share/mastermind/models/realsense_d435
symbolically linking /root/workspaces/mastermind_ws/build/mastermind/models/realsense_d435/model.config -> /root/workspaces/mastermind_ws/install/mastermind/share/mastermind/models/realsense_d435
creating /root/workspaces/mastermind_ws/install/mastermind/share/mastermind/models/realsense_d435/meshes
symbolically linking /root/workspaces/mastermind_ws/build/mastermind/models/realsense_d435/meshes/d415.stl -> /root/workspaces/mastermind_ws/install/mastermind/share/mastermind/models/realsense_d435/meshes
symbolically linking /root/workspaces/mastermind_ws/build/mastermind/models/realsense_d435/meshes/d435.dae -> /root/workspaces/mastermind_ws/install/mastermind/share/mastermind/models/realsense_d435/meshes
symbolically linking /root/workspaces/mastermind_ws/build/mastermind/models/realsense_d435/meshes/t265.stl -> /root/workspaces/mastermind_ws/install/mastermind/share/mastermind/models/realsense_d435/meshes
creating /root/workspaces/mastermind_ws/install/mastermind/share/mastermind/models/kinect
symbolically linking /root/workspaces/mastermind_ws/build/mastermind/models/kinect/model-1_2.sdf -> /root/workspaces/mastermind_ws/install/mastermind/share/mastermind/models/kinect
symbolically linking /root/workspaces/mastermind_ws/build/mastermind/models/kinect/model-1_3.sdf -> /root/workspaces/mastermind_ws/install/mastermind/share/mastermind/models/kinect
symbolically linking /root/workspaces/mastermind_ws/build/mastermind/models/kinect/model-1_4.sdf -> /root/workspaces/mastermind_ws/install/mastermind/share/mastermind/models/kinect
symbolically linking /root/workspaces/mastermind_ws/build/mastermind/models/kinect/model.config -> /root/workspaces/mastermind_ws/install/mastermind/share/mastermind/models/kinect
symbolically linking /root/workspaces/mastermind_ws/build/mastermind/models/kinect/model.sdf -> /root/workspaces/mastermind_ws/install/mastermind/share/mastermind/models/kinect
creating /root/workspaces/mastermind_ws/install/mastermind/share/mastermind/models/kinect/meshes
symbolically linking /root/workspaces/mastermind_ws/build/mastermind/models/kinect/meshes/kinect.dae -> /root/workspaces/mastermind_ws/install/mastermind/share/mastermind/models/kinect/meshes
creating /root/workspaces/mastermind_ws/install/mastermind/share/mastermind/models/kinect/materials
creating /root/workspaces/mastermind_ws/install/mastermind/share/mastermind/models/kinect/materials/textures
symbolically linking /root/workspaces/mastermind_ws/build/mastermind/models/kinect/materials/textures/kinect.png -> /root/workspaces/mastermind_ws/install/mastermind/share/mastermind/models/kinect/materials/textures
