[0.593s] Invoking command in '/root/workspaces/mastermind_ws/build/mastermind': PS1=\[\e]0;\u@\h: \w\a\]${debian_chroot:+($debian_chroot)}\u@\h:\w\$ PYTHONPATH=/root/workspaces/mastermind_ws/build/mastermind/prefix_override:/usr/lib/python3/dist-packages/colcon_core/task/python/colcon_distutils_commands:/root/workspaces/mastermind_ws/install/mastermind/lib/python3.12/site-packages:${PYTHONPATH} VIRTUAL_ENV_PROMPT=(ros_python) /usr/bin/python3 -W ignore:setup.py install is deprecated -W ignore:easy_install command is deprecated setup.py develop --editable --build-directory /root/workspaces/mastermind_ws/build/mastermind/build --no-deps symlink_data
[0.838s] running develop
[0.968s] running egg_info
[0.968s] creating mastermind.egg-info
[0.981s] writing mastermind.egg-info/PKG-INFO
[0.981s] writing dependency_links to mastermind.egg-info/dependency_links.txt
[0.981s] writing requirements to mastermind.egg-info/requires.txt
[0.981s] writing top-level names to mastermind.egg-info/top_level.txt
[0.981s] writing manifest file 'mastermind.egg-info/SOURCES.txt'
[1.006s] reading manifest file 'mastermind.egg-info/SOURCES.txt'
[1.007s] writing manifest file 'mastermind.egg-info/SOURCES.txt'
[1.020s] running build_ext
[1.026s] Creating /root/workspaces/mastermind_ws/install/mastermind/lib/python3.12/site-packages/mastermind.egg-link (link to .)
[1.026s] 
[1.026s] Installed /root/workspaces/mastermind_ws/build/mastermind
[1.027s] running symlink_data
[1.027s] creating /root/workspaces/mastermind_ws/install/mastermind/share/ament_index
[1.027s] creating /root/workspaces/mastermind_ws/install/mastermind/share/ament_index/resource_index
[1.027s] creating /root/workspaces/mastermind_ws/install/mastermind/share/ament_index/resource_index/packages
[1.027s] symbolically linking /root/workspaces/mastermind_ws/build/mastermind/resource/mastermind -> /root/workspaces/mastermind_ws/install/mastermind/share/ament_index/resource_index/packages
[1.027s] symbolically linking /root/workspaces/mastermind_ws/build/mastermind/package.xml -> /root/workspaces/mastermind_ws/install/mastermind/share/mastermind
[1.027s] creating /root/workspaces/mastermind_ws/install/mastermind/share/mastermind/launch
[1.027s] symbolically linking /root/workspaces/mastermind_ws/build/mastermind/launch/world.launch.py -> /root/workspaces/mastermind_ws/install/mastermind/share/mastermind/launch
[1.027s] creating /root/workspaces/mastermind_ws/install/mastermind/share/mastermind/world
[1.027s] symbolically linking /root/workspaces/mastermind_ws/build/mastermind/world/mastermind.sdf -> /root/workspaces/mastermind_ws/install/mastermind/share/mastermind/world
[1.027s] creating /root/workspaces/mastermind_ws/install/mastermind/share/mastermind/models
[1.028s] creating /root/workspaces/mastermind_ws/install/mastermind/share/mastermind/models/realsense_d435
[1.028s] symbolically linking /root/workspaces/mastermind_ws/build/mastermind/models/realsense_d435/model.sdf -> /root/workspaces/mastermind_ws/install/mastermind/share/mastermind/models/realsense_d435
[1.028s] symbolically linking /root/workspaces/mastermind_ws/build/mastermind/models/realsense_d435/model.config -> /root/workspaces/mastermind_ws/install/mastermind/share/mastermind/models/realsense_d435
[1.028s] creating /root/workspaces/mastermind_ws/install/mastermind/share/mastermind/models/realsense_d435/meshes
[1.028s] symbolically linking /root/workspaces/mastermind_ws/build/mastermind/models/realsense_d435/meshes/d415.stl -> /root/workspaces/mastermind_ws/install/mastermind/share/mastermind/models/realsense_d435/meshes
[1.028s] symbolically linking /root/workspaces/mastermind_ws/build/mastermind/models/realsense_d435/meshes/d435.dae -> /root/workspaces/mastermind_ws/install/mastermind/share/mastermind/models/realsense_d435/meshes
[1.028s] symbolically linking /root/workspaces/mastermind_ws/build/mastermind/models/realsense_d435/meshes/t265.stl -> /root/workspaces/mastermind_ws/install/mastermind/share/mastermind/models/realsense_d435/meshes
[1.029s] creating /root/workspaces/mastermind_ws/install/mastermind/share/mastermind/models/kinect
[1.029s] symbolically linking /root/workspaces/mastermind_ws/build/mastermind/models/kinect/model-1_2.sdf -> /root/workspaces/mastermind_ws/install/mastermind/share/mastermind/models/kinect
[1.029s] symbolically linking /root/workspaces/mastermind_ws/build/mastermind/models/kinect/model-1_3.sdf -> /root/workspaces/mastermind_ws/install/mastermind/share/mastermind/models/kinect
[1.029s] symbolically linking /root/workspaces/mastermind_ws/build/mastermind/models/kinect/model-1_4.sdf -> /root/workspaces/mastermind_ws/install/mastermind/share/mastermind/models/kinect
[1.029s] symbolically linking /root/workspaces/mastermind_ws/build/mastermind/models/kinect/model.config -> /root/workspaces/mastermind_ws/install/mastermind/share/mastermind/models/kinect
[1.029s] symbolically linking /root/workspaces/mastermind_ws/build/mastermind/models/kinect/model.sdf -> /root/workspaces/mastermind_ws/install/mastermind/share/mastermind/models/kinect
[1.029s] creating /root/workspaces/mastermind_ws/install/mastermind/share/mastermind/models/kinect/meshes
[1.030s] symbolically linking /root/workspaces/mastermind_ws/build/mastermind/models/kinect/meshes/kinect.dae -> /root/workspaces/mastermind_ws/install/mastermind/share/mastermind/models/kinect/meshes
[1.030s] creating /root/workspaces/mastermind_ws/install/mastermind/share/mastermind/models/kinect/materials
[1.030s] creating /root/workspaces/mastermind_ws/install/mastermind/share/mastermind/models/kinect/materials/textures
[1.030s] symbolically linking /root/workspaces/mastermind_ws/build/mastermind/models/kinect/materials/textures/kinect.png -> /root/workspaces/mastermind_ws/install/mastermind/share/mastermind/models/kinect/materials/textures
[1.055s] Invoked command in '/root/workspaces/mastermind_ws/build/mastermind' returned '0': PS1=\[\e]0;\u@\h: \w\a\]${debian_chroot:+($debian_chroot)}\u@\h:\w\$ PYTHONPATH=/root/workspaces/mastermind_ws/build/mastermind/prefix_override:/usr/lib/python3/dist-packages/colcon_core/task/python/colcon_distutils_commands:/root/workspaces/mastermind_ws/install/mastermind/lib/python3.12/site-packages:${PYTHONPATH} VIRTUAL_ENV_PROMPT=(ros_python) /usr/bin/python3 -W ignore:setup.py install is deprecated -W ignore:easy_install command is deprecated setup.py develop --editable --build-directory /root/workspaces/mastermind_ws/build/mastermind/build --no-deps symlink_data
